JVM Args:          
Run Args:          "--task", "MERGE_MAPPING", "--left", "C:\Users\Ricka\hydroponicraft\build\neoform\1.21.1-20240808.144430\config\joined.tsrg", "--right", "C:\Users\Ricka\hydroponicraft\.gradle\caches\minecraft\versions\1.21.1\client.txt", "--right-names", "right,left", "--classes", "--fields", "--methods", "--output", "C:\Users\Ricka\hydroponicraft\build\neoForm\neoFormJoined1.21.1-20240808.144430\steps\mergeMappings\output.jar"
JVM:               C:\Users\Ricka\.jdks\ms-21.0.10\bin\java.exe
Classpath:         C:\Users\Ricka\.gradle\caches\modules-2\files-2.1\net.neoforged.installertools\installertools\2.1.2\62740d5aa8f75f4a4d542d363bdda5b64a198f7a\installertools-2.1.2-fatjar.jar
Working Dir:       C:\Users\Ricka\hydroponicraft\build\neoForm\neoFormJoined1.21.1-20240808.144430\steps\mergeMappings
Main Class:        net.neoforged.installertools.ConsoleTool
Program log file:  C:\Users\Ricka\hydroponicraft\build\neoForm\neoFormJoined1.21.1-20240808.144430\steps\mergeMappings\log.log
Output file:       C:\Users\Ricka\hydroponicraft\build\neoForm\neoFormJoined1.21.1-20240808.144430\steps\mergeMappings\output.jar
Task: MERGE_MAPPING
Left:    C:\Users\Ricka\hydroponicraft\build\neoform\1.21.1-20240808.144430\config\joined.tsrg
         Reversed=false
         null
Right:   C:\Users\Ricka\hydroponicraft\.gradle\caches\minecraft\versions\1.21.1\client.txt
         Reversed=false
         right,left
Classes: true
Fields:  true
Methods: true
Params:  false
Output:  C:\Users\Ricka\hydroponicraft\build\neoForm\neoFormJoined1.21.1-20240808.144430\steps\mergeMappings\output.jar
